# JRE version: OpenJDK Runtime Environment (17.0.9) (build 17.0.9+0--11185874)
# Java VM: OpenJDK 64-Bit Server VM (17.0.9+0--11185874, mixed mode, tiered, compressed oops, compressed class ptrs, g1 gc, windows-amd64)
GC Precious Log:
 CPUs: 4 total, 4 available
 Memory: 12165M
 Large Page Support: Disabled
 NUMA Support: Disabled
 Compressed Oops: Enabled (32-bit)
 Heap Region Size: 1M
 Heap Min Capacity: 8M
 Heap Initial Capacity: 192M
 Heap Max Capacity: 2G
 Pre-touch: Disabled
 Parallel Workers: 4
 Concurrent Workers: 1
 Concurrent Refinement Workers: 4
 Periodic GC: Disabled
Heap:
 garbage-first heap   total 128000K, used 71062K [0x0000000080000000, 0x0000000100000000)
  region size 1024K, 1 young (1024K), 1 survivors (1024K)
 Metaspace       used 74610K, committed 75200K, reserved 1179648K
  class space    used 9949K, committed 10240K, reserved 1048576K
GC Heap History (20 events):
Event: 11.021 GC heap after
{Heap after GC invocations=19 (full 0):
 garbage-first heap   total 71680K, used 40860K [0x0000000080000000, 0x0000000100000000)
  region size 1024K, 1 young (1024K), 1 survivors (1024K)
 Metaspace       used 59775K, committed 60224K, reserved 1114112K
  class space    used 7937K, committed 8128K, reserved 1048576K
}
Event: 11.422 GC heap before
{Heap before GC invocations=19 (full 0):
 garbage-first heap   total 71680K, used 57244K [0x0000000080000000, 0x0000000100000000)
  region size 1024K, 17 young (17408K), 1 survivors (1024K)
 Metaspace       used 61703K, committed 62208K, reserved 1114112K
  class space    used 8278K, committed 8512K, reserved 1048576K
}
Event: 11.427 GC heap after
{Heap after GC invocations=20 (full 0):
 garbage-first heap   total 71680K, used 41401K [0x0000000080000000, 0x0000000100000000)
  region size 1024K, 2 young (2048K), 2 survivors (2048K)
 Metaspace       used 61703K, committed 62208K, reserved 1114112K
  class space    used 8278K, committed 8512K, reserved 1048576K
}
Event: 11.964 GC heap before
{Heap before GC invocations=21 (full 0):
 garbage-first heap   total 76800K, used 56761K [0x0000000080000000, 0x0000000100000000)
  region size 1024K, 18 young (18432K), 2 survivors (2048K)
 Metaspace       used 63401K, committed 63936K, reserved 1114112K
  class space    used 8528K, committed 8768K, reserved 1048576K
}
Event: 11.969 GC heap after
{Heap after GC invocations=22 (full 0):
 garbage-first heap   total 92160K, used 42430K [0x0000000080000000, 0x0000000100000000)
  region size 1024K, 3 young (3072K), 3 survivors (3072K)
 Metaspace       used 63401K, committed 63936K, reserved 1114112K
  class space    used 8528K, committed 8768K, reserved 1048576K
}
Event: 12.899 GC heap before
{Heap before GC invocations=22 (full 0):
 garbage-first heap   total 92160K, used 72126K [0x0000000080000000, 0x0000000100000000)
  region size 1024K, 33 young (33792K), 3 survivors (3072K)
 Metaspace       used 70185K, committed 70720K, reserved 1114112K
  class space    used 9410K, committed 9664K, reserved 1048576K
}
Event: 12.907 GC heap after
{Heap after GC invocations=23 (full 0):
 garbage-first heap   total 92160K, used 45368K [0x0000000080000000, 0x0000000100000000)
  region size 1024K, 5 young (5120K), 5 survivors (5120K)
 Metaspace       used 70185K, committed 70720K, reserved 1114112K
  class space    used 9410K, committed 9664K, reserved 1048576K
}
Event: 14.579 GC heap before
{Heap before GC invocations=23 (full 0):
 garbage-first heap   total 92160K, used 73016K [0x0000000080000000, 0x0000000100000000)
  region size 1024K, 33 young (33792K), 5 survivors (5120K)
 Metaspace       used 71840K, committed 72384K, reserved 1114112K
  class space    used 9574K, committed 9856K, reserved 1048576K
}
Event: 14.591 GC heap after
{Heap after GC invocations=24 (full 0):
 garbage-first heap   total 92160K, used 51435K [0x0000000080000000, 0x0000000100000000)
  region size 1024K, 5 young (5120K), 5 survivors (5120K)
 Metaspace       used 71840K, committed 72384K, reserved 1114112K
  class space    used 9574K, committed 9856K, reserved 1048576K
}
Event: 14.808 GC heap before
{Heap before GC invocations=24 (full 0):
 garbage-first heap   total 92160K, used 61675K [0x0000000080000000, 0x0000000100000000)
  region size 1024K, 16 young (16384K), 5 survivors (5120K)
 Metaspace       used 72142K, committed 72704K, reserved 1114112K
  class space    used 9611K, committed 9920K, reserved 1048576K
}
Event: 14.814 GC heap after
{Heap after GC invocations=25 (full 0):
 garbage-first heap   total 92160K, used 53101K [0x0000000080000000, 0x0000000100000000)
  region size 1024K, 2 young (2048K), 2 survivors (2048K)
 Metaspace       used 72142K, committed 72704K, reserved 1114112K
  class space    used 9611K, committed 9920K, reserved 1048576K
}
Event: 15.357 GC heap before
{Heap before GC invocations=26 (full 0):
 garbage-first heap   total 99328K, used 83821K [0x0000000080000000, 0x0000000100000000)
  region size 1024K, 21 young (21504K), 2 survivors (2048K)
 Metaspace       used 72889K, committed 73536K, reserved 1114112K
  class space    used 9731K, committed 10048K, reserved 1048576K
}
Event: 15.363 GC heap after
{Heap after GC invocations=27 (full 0):
 garbage-first heap   total 99328K, used 71467K [0x0000000080000000, 0x0000000100000000)
  region size 1024K, 3 young (3072K), 3 survivors (3072K)
 Metaspace       used 72889K, committed 73536K, reserved 1114112K
  class space    used 9731K, committed 10048K, reserved 1048576K
}
Event: 15.384 GC heap before
{Heap before GC invocations=27 (full 0):
 garbage-first heap   total 99328K, used 71467K [0x0000000080000000, 0x0000000100000000)
  region size 1024K, 4 young (4096K), 3 survivors (3072K)
 Metaspace       used 72970K, committed 73600K, reserved 1114112K
  class space    used 9743K, committed 10048K, reserved 1048576K
}
Event: 15.387 GC heap after
{Heap after GC invocations=28 (full 0):
 garbage-first heap   total 99328K, used 70678K [0x0000000080000000, 0x0000000100000000)
  region size 1024K, 1 young (1024K), 1 survivors (1024K)
 Metaspace       used 72970K, committed 73600K, reserved 1114112K
  class space    used 9743K, committed 10048K, reserved 1048576K
}
Event: 15.496 GC heap before
{Heap before GC invocations=28 (full 0):
 garbage-first heap   total 99328K, used 75798K [0x0000000080000000, 0x0000000100000000)
  region size 1024K, 8 young (8192K), 1 survivors (1024K)
 Metaspace       used 73382K, committed 73984K, reserved 1114112K
  class space    used 9776K, committed 10048K, reserved 1048576K
}
Event: 15.498 GC heap after
{Heap after GC invocations=29 (full 0):
 garbage-first heap   total 99328K, used 71123K [0x0000000080000000, 0x0000000100000000)
  region size 1024K, 1 young (1024K), 1 survivors (1024K)
 Metaspace       used 73382K, committed 73984K, reserved 1114112K
  class space    used 9776K, committed 10048K, reserved 1048576K
}
Event: 15.851 GC heap before
{Heap before GC invocations=30 (full 0):
 garbage-first heap   total 128000K, used 82387K [0x0000000080000000, 0x0000000100000000)
  region size 1024K, 12 young (12288K), 1 survivors (1024K)
 Metaspace       used 74206K, committed 74816K, reserved 1114112K
  class space    used 9886K, committed 10176K, reserved 1048576K
}
Event: 15.854 GC heap after
{Heap after GC invocations=31 (full 0):
 garbage-first heap   total 128000K, used 72469K [0x0000000080000000, 0x0000000100000000)
  region size 1024K, 1 young (1024K), 1 survivors (1024K)
 Metaspace       used 74206K, committed 74816K, reserved 1114112K
  class space    used 9886K, committed 10176K, reserved 1048576K
}
Event: 16.177 GC heap before
{Heap before GC invocations=31 (full 0):
 garbage-first heap   total 128000K, used 77589K [0x0000000080000000, 0x0000000100000000)
  region size 1024K, 6 young (6144K), 1 survivors (1024K)
 Metaspace       used 74610K, committed 75200K, reserved 1179648K
  class space    used 9949K, committed 10240K, reserved 1048576K
}

