# JRE version: OpenJDK Runtime Environment (17.0.9) (build 17.0.9+0--11185874)
# Java VM: OpenJDK 64-Bit Server VM (17.0.9+0--11185874, mixed mode, tiered, compressed oops, compressed class ptrs, g1 gc, windows-amd64)
GC Precious Log:
 CPUs: 4 total, 4 available
 Memory: 12165M
 Large Page Support: Disabled
 NUMA Support: Disabled
 Compressed Oops: Enabled (32-bit)
 Heap Region Size: 1M
 Heap Min Capacity: 8M
 Heap Initial Capacity: 192M
 Heap Max Capacity: 2G
 Pre-touch: Disabled
 Parallel Workers: 4
 Concurrent Workers: 1
 Concurrent Refinement Workers: 4
 Periodic GC: Disabled
Heap:
 garbage-first heap   total 414720K, used 162166K [0x0000000080000000, 0x0000000100000000)
  region size 1024K, 3 young (3072K), 3 survivors (3072K)
 Metaspace       used 170779K, committed 171904K, reserved 1245184K
  class space    used 23007K, committed 23552K, reserved 1048576K
GC Heap History (20 events):
Event: 88.299 GC heap after
{Heap after GC invocations=89 (full 0):
 garbage-first heap   total 373760K, used 252679K [0x0000000080000000, 0x0000000100000000)
  region size 1024K, 6 young (6144K), 6 survivors (6144K)
 Metaspace       used 154128K, committed 155136K, reserved 1245184K
  class space    used 20784K, committed 21248K, reserved 1048576K
}
Event: 88.307 GC heap before
{Heap before GC invocations=89 (full 0):
 garbage-first heap   total 373760K, used 260871K [0x0000000080000000, 0x0000000100000000)
  region size 1024K, 7 young (7168K), 6 survivors (6144K)
 Metaspace       used 154131K, committed 155136K, reserved 1245184K
  class space    used 20784K, committed 21248K, reserved 1048576K
}
Event: 88.315 GC heap after
{Heap after GC invocations=90 (full 0):
 garbage-first heap   total 373760K, used 260914K [0x0000000080000000, 0x0000000100000000)
  region size 1024K, 5 young (5120K), 5 survivors (5120K)
 Metaspace       used 154131K, committed 155136K, reserved 1245184K
  class space    used 20784K, committed 21248K, reserved 1048576K
}
Event: 124.050 GC heap before
{Heap before GC invocations=91 (full 0):
 garbage-first heap   total 414720K, used 322354K [0x0000000080000000, 0x0000000100000000)
  region size 1024K, 57 young (58368K), 5 survivors (5120K)
 Metaspace       used 155367K, committed 156416K, reserved 1245184K
  class space    used 20985K, committed 21504K, reserved 1048576K
}
Event: 124.062 GC heap after
{Heap after GC invocations=92 (full 0):
 garbage-first heap   total 414720K, used 200602K [0x0000000080000000, 0x0000000100000000)
  region size 1024K, 6 young (6144K), 6 survivors (6144K)
 Metaspace       used 155367K, committed 156416K, reserved 1245184K
  class space    used 20985K, committed 21504K, reserved 1048576K
}
Event: 124.463 GC heap before
{Heap before GC invocations=92 (full 0):
 garbage-first heap   total 414720K, used 214938K [0x0000000080000000, 0x0000000100000000)
  region size 1024K, 20 young (20480K), 6 survivors (6144K)
 Metaspace       used 155526K, committed 156544K, reserved 1245184K
  class space    used 20991K, committed 21504K, reserved 1048576K
}
Event: 124.486 GC heap after
{Heap after GC invocations=93 (full 0):
 garbage-first heap   total 414720K, used 176320K [0x0000000080000000, 0x0000000100000000)
  region size 1024K, 2 young (2048K), 2 survivors (2048K)
 Metaspace       used 155526K, committed 156544K, reserved 1245184K
  class space    used 20991K, committed 21504K, reserved 1048576K
}
Event: 127.244 GC heap before
{Heap before GC invocations=93 (full 0):
 garbage-first heap   total 414720K, used 253120K [0x0000000080000000, 0x0000000100000000)
  region size 1024K, 78 young (79872K), 2 survivors (2048K)
 Metaspace       used 155906K, committed 156992K, reserved 1245184K
  class space    used 21005K, committed 21568K, reserved 1048576K
}
Event: 127.259 GC heap after
{Heap after GC invocations=94 (full 0):
 garbage-first heap   total 414720K, used 184736K [0x0000000080000000, 0x0000000100000000)
  region size 1024K, 10 young (10240K), 10 survivors (10240K)
 Metaspace       used 155906K, committed 156992K, reserved 1245184K
  class space    used 21005K, committed 21568K, reserved 1048576K
}
Event: 280.804 GC heap before
{Heap before GC invocations=95 (full 0):
 garbage-first heap   total 414720K, used 386464K [0x0000000080000000, 0x0000000100000000)
  region size 1024K, 142 young (145408K), 10 survivors (10240K)
 Metaspace       used 162177K, committed 163328K, reserved 1245184K
  class space    used 21777K, committed 22336K, reserved 1048576K
}
Event: 280.823 GC heap after
{Heap after GC invocations=96 (full 0):
 garbage-first heap   total 414720K, used 186173K [0x0000000080000000, 0x0000000100000000)
  region size 1024K, 17 young (17408K), 17 survivors (17408K)
 Metaspace       used 162177K, committed 163328K, reserved 1245184K
  class space    used 21777K, committed 22336K, reserved 1048576K
}
Event: 280.832 GC heap before
{Heap before GC invocations=96 (full 0):
 garbage-first heap   total 414720K, used 191293K [0x0000000080000000, 0x0000000100000000)
  region size 1024K, 20 young (20480K), 17 survivors (17408K)
 Metaspace       used 162177K, committed 163328K, reserved 1245184K
  class space    used 21777K, committed 22336K, reserved 1048576K
}
Event: 280.874 GC heap after
{Heap after GC invocations=97 (full 0):
 garbage-first heap   total 414720K, used 167345K [0x0000000080000000, 0x0000000100000000)
  region size 1024K, 3 young (3072K), 3 survivors (3072K)
 Metaspace       used 162177K, committed 163328K, reserved 1245184K
  class space    used 21777K, committed 22336K, reserved 1048576K
}
Event: 280.894 GC heap before
{Heap before GC invocations=97 (full 0):
 garbage-first heap   total 414720K, used 171441K [0x0000000080000000, 0x0000000100000000)
  region size 1024K, 8 young (8192K), 3 survivors (3072K)
 Metaspace       used 162185K, committed 163328K, reserved 1245184K
  class space    used 21777K, committed 22336K, reserved 1048576K
}
Event: 280.897 GC heap after
{Heap after GC invocations=98 (full 0):
 garbage-first heap   total 414720K, used 167571K [0x0000000080000000, 0x0000000100000000)
  region size 1024K, 4 young (4096K), 4 survivors (4096K)
 Metaspace       used 162185K, committed 163328K, reserved 1245184K
  class space    used 21777K, committed 22336K, reserved 1048576K
}
Event: 282.510 GC heap before
{Heap before GC invocations=99 (full 0):
 garbage-first heap   total 414720K, used 283283K [0x0000000080000000, 0x0000000100000000)
  region size 1024K, 115 young (117760K), 4 survivors (4096K)
 Metaspace       used 168605K, committed 169728K, reserved 1245184K
  class space    used 22689K, committed 23232K, reserved 1048576K
}
Event: 282.519 GC heap after
{Heap after GC invocations=100 (full 0):
 garbage-first heap   total 414720K, used 172950K [0x0000000080000000, 0x0000000100000000)
  region size 1024K, 9 young (9216K), 9 survivors (9216K)
 Metaspace       used 168605K, committed 169728K, reserved 1245184K
  class space    used 22689K, committed 23232K, reserved 1048576K
}
Event: 282.652 GC heap before
{Heap before GC invocations=100 (full 0):
 garbage-first heap   total 414720K, used 184214K [0x0000000080000000, 0x0000000100000000)
  region size 1024K, 20 young (20480K), 9 survivors (9216K)
 Metaspace       used 169173K, committed 170368K, reserved 1245184K
  class space    used 22762K, committed 23360K, reserved 1048576K
}
Event: 282.669 GC heap after
{Heap after GC invocations=101 (full 0):
 garbage-first heap   total 414720K, used 161769K [0x0000000080000000, 0x0000000100000000)
  region size 1024K, 2 young (2048K), 2 survivors (2048K)
 Metaspace       used 169173K, committed 170368K, reserved 1245184K
  class space    used 22762K, committed 23360K, reserved 1048576K
}
Event: 282.977 GC heap before
{Heap before GC invocations=101 (full 0):
 garbage-first heap   total 414720K, used 182249K [0x0000000080000000, 0x0000000100000000)
  region size 1024K, 23 young (23552K), 2 survivors (2048K)
 Metaspace       used 170779K, committed 171904K, reserved 1245184K
  class space    used 23007K, committed 23552K, reserved 1048576K
}

