# JRE version: OpenJDK Runtime Environment (17.0.9) (build 17.0.9+0--11185874)
# Java VM: OpenJDK 64-Bit Server VM (17.0.9+0--11185874, mixed mode, tiered, compressed oops, compressed class ptrs, g1 gc, windows-amd64)
GC Precious Log:
 CPUs: 4 total, 4 available
 Memory: 12165M
 Large Page Support: Disabled
 NUMA Support: Disabled
 Compressed Oops: Enabled (Zero based)
 Heap Region Size: 2M
 Heap Min Capacity: 8M
 Heap Initial Capacity: 192M
 Heap Max Capacity: 3042M
 Pre-touch: Disabled
 Parallel Workers: 4
 Concurrent Workers: 1
 Concurrent Refinement Workers: 4
 Periodic GC: Disabled
Heap:
 garbage-first heap   total 260096K, used 120497K [0x0000000741e00000, 0x0000000800000000)
  region size 2048K, 15 young (30720K), 1 survivors (2048K)
 Metaspace       used 76499K, committed 76800K, reserved 1179648K
  class space    used 8454K, committed 8640K, reserved 1048576K
GC Heap History (20 events):
Event: 10.654 GC heap before
{Heap before GC invocations=23 (full 0):
 garbage-first heap   total 120832K, used 90620K [0x0000000741e00000, 0x0000000800000000)
  region size 2048K, 19 young (38912K), 3 survivors (6144K)
 Metaspace       used 65937K, committed 66240K, reserved 1114112K
  class space    used 7645K, committed 7808K, reserved 1048576K
}
Event: 10.677 GC heap after
{Heap after GC invocations=24 (full 0):
 garbage-first heap   total 120832K, used 65818K [0x0000000741e00000, 0x0000000800000000)
  region size 2048K, 3 young (6144K), 3 survivors (6144K)
 Metaspace       used 65937K, committed 66240K, reserved 1114112K
  class space    used 7645K, committed 7808K, reserved 1048576K
}
Event: 11.971 GC heap before
{Heap before GC invocations=25 (full 0):
 garbage-first heap   total 120832K, used 94490K [0x0000000741e00000, 0x0000000800000000)
  region size 2048K, 17 young (34816K), 3 survivors (6144K)
 Metaspace       used 66939K, committed 67264K, reserved 1114112K
  class space    used 7699K, committed 7872K, reserved 1048576K
}
Event: 11.991 GC heap after
{Heap after GC invocations=26 (full 0):
 garbage-first heap   total 120832K, used 69505K [0x0000000741e00000, 0x0000000800000000)
  region size 2048K, 2 young (4096K), 2 survivors (4096K)
 Metaspace       used 66939K, committed 67264K, reserved 1114112K
  class space    used 7699K, committed 7872K, reserved 1048576K
}
Event: 12.108 GC heap before
{Heap before GC invocations=26 (full 0):
 garbage-first heap   total 120832K, used 73601K [0x0000000741e00000, 0x0000000800000000)
  region size 2048K, 5 young (10240K), 2 survivors (4096K)
 Metaspace       used 67034K, committed 67328K, reserved 1114112K
  class space    used 7699K, committed 7872K, reserved 1048576K
}
Event: 12.119 GC heap after
{Heap after GC invocations=27 (full 0):
 garbage-first heap   total 155648K, used 70634K [0x0000000741e00000, 0x0000000800000000)
  region size 2048K, 1 young (2048K), 1 survivors (2048K)
 Metaspace       used 67034K, committed 67328K, reserved 1114112K
  class space    used 7699K, committed 7872K, reserved 1048576K
}
Event: 13.648 GC heap before
{Heap before GC invocations=27 (full 0):
 garbage-first heap   total 155648K, used 117738K [0x0000000741e00000, 0x0000000800000000)
  region size 2048K, 23 young (47104K), 1 survivors (2048K)
 Metaspace       used 68019K, committed 68288K, reserved 1114112K
  class space    used 7736K, committed 7872K, reserved 1048576K
}
Event: 13.661 GC heap after
{Heap after GC invocations=28 (full 0):
 garbage-first heap   total 155648K, used 79513K [0x0000000741e00000, 0x0000000800000000)
  region size 2048K, 3 young (6144K), 3 survivors (6144K)
 Metaspace       used 68019K, committed 68288K, reserved 1114112K
  class space    used 7736K, committed 7872K, reserved 1048576K
}
Event: 14.954 GC heap before
{Heap before GC invocations=28 (full 0):
 garbage-first heap   total 155648K, used 120473K [0x0000000741e00000, 0x0000000800000000)
  region size 2048K, 23 young (47104K), 3 survivors (6144K)
 Metaspace       used 68609K, committed 68928K, reserved 1114112K
  class space    used 7767K, committed 7936K, reserved 1048576K
}
Event: 14.969 GC heap after
{Heap after GC invocations=29 (full 0):
 garbage-first heap   total 155648K, used 85136K [0x0000000741e00000, 0x0000000800000000)
  region size 2048K, 3 young (6144K), 3 survivors (6144K)
 Metaspace       used 68609K, committed 68928K, reserved 1114112K
  class space    used 7767K, committed 7936K, reserved 1048576K
}
Event: 16.692 GC heap before
{Heap before GC invocations=30 (full 0):
 garbage-first heap   total 155648K, used 122000K [0x0000000741e00000, 0x0000000800000000)
  region size 2048K, 21 young (43008K), 3 survivors (6144K)
 Metaspace       used 69030K, committed 69312K, reserved 1114112K
  class space    used 7775K, committed 7936K, reserved 1048576K
}
Event: 16.707 GC heap after
{Heap after GC invocations=31 (full 0):
 garbage-first heap   total 155648K, used 90892K [0x0000000741e00000, 0x0000000800000000)
  region size 2048K, 3 young (6144K), 3 survivors (6144K)
 Metaspace       used 69030K, committed 69312K, reserved 1114112K
  class space    used 7775K, committed 7936K, reserved 1048576K
}
Event: 16.807 GC heap before
{Heap before GC invocations=31 (full 0):
 garbage-first heap   total 155648K, used 92940K [0x0000000741e00000, 0x0000000800000000)
  region size 2048K, 4 young (8192K), 3 survivors (6144K)
 Metaspace       used 69195K, committed 69504K, reserved 1114112K
  class space    used 7791K, committed 7936K, reserved 1048576K
}
Event: 16.818 GC heap after
{Heap after GC invocations=32 (full 0):
 garbage-first heap   total 155648K, used 90589K [0x0000000741e00000, 0x0000000800000000)
  region size 2048K, 1 young (2048K), 1 survivors (2048K)
 Metaspace       used 69195K, committed 69504K, reserved 1114112K
  class space    used 7791K, committed 7936K, reserved 1048576K
}
Event: 17.738 GC heap before
{Heap before GC invocations=32 (full 0):
 garbage-first heap   total 155648K, used 123357K [0x0000000741e00000, 0x0000000800000000)
  region size 2048K, 17 young (34816K), 1 survivors (2048K)
 Metaspace       used 69845K, committed 70144K, reserved 1114112K
  class space    used 7837K, committed 8000K, reserved 1048576K
}
Event: 17.746 GC heap after
{Heap after GC invocations=33 (full 0):
 garbage-first heap   total 155648K, used 92293K [0x0000000741e00000, 0x0000000800000000)
  region size 2048K, 2 young (4096K), 2 survivors (4096K)
 Metaspace       used 69845K, committed 70144K, reserved 1114112K
  class space    used 7837K, committed 8000K, reserved 1048576K
}
Event: 18.874 GC heap before
{Heap before GC invocations=34 (full 0):
 garbage-first heap   total 167936K, used 120965K [0x0000000741e00000, 0x0000000800000000)
  region size 2048K, 17 young (34816K), 2 survivors (4096K)
 Metaspace       used 74548K, committed 74816K, reserved 1179648K
  class space    used 8299K, committed 8448K, reserved 1048576K
}
Event: 18.883 GC heap after
{Heap after GC invocations=35 (full 0):
 garbage-first heap   total 167936K, used 94122K [0x0000000741e00000, 0x0000000800000000)
  region size 2048K, 3 young (6144K), 3 survivors (6144K)
 Metaspace       used 74548K, committed 74816K, reserved 1179648K
  class space    used 8299K, committed 8448K, reserved 1048576K
}
Event: 18.942 GC heap before
{Heap before GC invocations=35 (full 0):
 garbage-first heap   total 167936K, used 96170K [0x0000000741e00000, 0x0000000800000000)
  region size 2048K, 4 young (8192K), 3 survivors (6144K)
 Metaspace       used 75189K, committed 75520K, reserved 1179648K
  class space    used 8340K, committed 8512K, reserved 1048576K
}
Event: 18.953 GC heap after
{Heap after GC invocations=36 (full 0):
 garbage-first heap   total 260096K, used 93873K [0x0000000741e00000, 0x0000000800000000)
  region size 2048K, 1 young (2048K), 1 survivors (2048K)
 Metaspace       used 75189K, committed 75520K, reserved 1179648K
  class space    used 8340K, committed 8512K, reserved 1048576K
}

