# JRE version: OpenJDK Runtime Environment (17.0.9) (build 17.0.9+0--11185874)
# Java VM: OpenJDK 64-Bit Server VM (17.0.9+0--11185874, mixed mode, tiered, compressed oops, compressed class ptrs, g1 gc, windows-amd64)
GC Precious Log:
 CPUs: 4 total, 4 available
 Memory: 12165M
 Large Page Support: Disabled
 NUMA Support: Disabled
 Compressed Oops: Enabled (32-bit)
 Heap Region Size: 1M
 Heap Min Capacity: 8M
 Heap Initial Capacity: 192M
 Heap Max Capacity: 2G
 Pre-touch: Disabled
 Parallel Workers: 4
 Concurrent Workers: 1
 Concurrent Refinement Workers: 4
 Periodic GC: Disabled
Heap:
 garbage-first heap   total 440320K, used 184990K [0x0000000080000000, 0x0000000100000000)
  region size 1024K, 14 young (14336K), 14 survivors (14336K)
 Metaspace       used 163105K, committed 164736K, reserved 1245184K
  class space    used 21440K, committed 22336K, reserved 1048576K
GC Heap History (20 events):
Event: 5212.782 GC heap after
{Heap after GC invocations=75 (full 1):
 garbage-first heap   total 440320K, used 154442K [0x0000000080000000, 0x0000000100000000)
  region size 1024K, 2 young (2048K), 2 survivors (2048K)
 Metaspace       used 161574K, committed 163968K, reserved 1245184K
  class space    used 21342K, committed 22336K, reserved 1048576K
}
Event: 5218.213 GC heap before
{Heap before GC invocations=75 (full 1):
 garbage-first heap   total 440320K, used 353098K [0x0000000080000000, 0x0000000100000000)
  region size 1024K, 197 young (201728K), 2 survivors (2048K)
 Metaspace       used 162019K, committed 164032K, reserved 1245184K
  class space    used 21377K, committed 22336K, reserved 1048576K
}
Event: 5218.224 GC heap after
{Heap after GC invocations=76 (full 1):
 garbage-first heap   total 440320K, used 159823K [0x0000000080000000, 0x0000000100000000)
  region size 1024K, 8 young (8192K), 8 survivors (8192K)
 Metaspace       used 162019K, committed 164032K, reserved 1245184K
  class space    used 21377K, committed 22336K, reserved 1048576K
}
Event: 5220.715 GC heap before
{Heap before GC invocations=77 (full 1):
 garbage-first heap   total 440320K, used 362548K [0x0000000080000000, 0x0000000100000000)
  region size 1024K, 201 young (205824K), 8 survivors (8192K)
 Metaspace       used 162512K, committed 164224K, reserved 1245184K
  class space    used 21387K, committed 22336K, reserved 1048576K
}
Event: 5220.739 GC heap after
{Heap after GC invocations=78 (full 1):
 garbage-first heap   total 440320K, used 178293K [0x0000000080000000, 0x0000000100000000)
  region size 1024K, 24 young (24576K), 24 survivors (24576K)
 Metaspace       used 162512K, committed 164224K, reserved 1245184K
  class space    used 21387K, committed 22336K, reserved 1048576K
}
Event: 5220.744 GC heap before
{Heap before GC invocations=78 (full 1):
 garbage-first heap   total 440320K, used 179317K [0x0000000080000000, 0x0000000100000000)
  region size 1024K, 25 young (25600K), 24 survivors (24576K)
 Metaspace       used 162512K, committed 164224K, reserved 1245184K
  class space    used 21387K, committed 22336K, reserved 1048576K
}
Event: 5220.768 GC heap after
{Heap after GC invocations=79 (full 1):
 garbage-first heap   total 440320K, used 175791K [0x0000000080000000, 0x0000000100000000)
  region size 1024K, 2 young (2048K), 2 survivors (2048K)
 Metaspace       used 162512K, committed 164224K, reserved 1245184K
  class space    used 21387K, committed 22336K, reserved 1048576K
}
Event: 5221.198 GC heap before
{Heap before GC invocations=79 (full 1):
 garbage-first heap   total 440320K, used 263855K [0x0000000080000000, 0x0000000100000000)
  region size 1024K, 89 young (91136K), 2 survivors (2048K)
 Metaspace       used 162574K, committed 164224K, reserved 1245184K
  class space    used 21392K, committed 22336K, reserved 1048576K
}
Event: 5221.204 GC heap after
{Heap after GC invocations=80 (full 1):
 garbage-first heap   total 440320K, used 176209K [0x0000000080000000, 0x0000000100000000)
  region size 1024K, 3 young (3072K), 3 survivors (3072K)
 Metaspace       used 162574K, committed 164224K, reserved 1245184K
  class space    used 21392K, committed 22336K, reserved 1048576K
}
Event: 5223.622 GC heap before
{Heap before GC invocations=81 (full 1):
 garbage-first heap   total 440320K, used 365649K [0x0000000080000000, 0x0000000100000000)
  region size 1024K, 183 young (187392K), 3 survivors (3072K)
 Metaspace       used 162701K, committed 164352K, reserved 1245184K
  class space    used 21396K, committed 22336K, reserved 1048576K
}
Event: 5223.637 GC heap after
{Heap after GC invocations=82 (full 1):
 garbage-first heap   total 440320K, used 182409K [0x0000000080000000, 0x0000000100000000)
  region size 1024K, 10 young (10240K), 10 survivors (10240K)
 Metaspace       used 162701K, committed 164352K, reserved 1245184K
  class space    used 21396K, committed 22336K, reserved 1048576K
}
Event: 5223.793 GC heap before
{Heap before GC invocations=82 (full 1):
 garbage-first heap   total 440320K, used 193673K [0x0000000080000000, 0x0000000100000000)
  region size 1024K, 21 young (21504K), 10 survivors (10240K)
 Metaspace       used 162713K, committed 164352K, reserved 1245184K
  class space    used 21396K, committed 22336K, reserved 1048576K
}
Event: 5223.810 GC heap after
{Heap after GC invocations=83 (full 1):
 garbage-first heap   total 440320K, used 181047K [0x0000000080000000, 0x0000000100000000)
  region size 1024K, 2 young (2048K), 2 survivors (2048K)
 Metaspace       used 162713K, committed 164352K, reserved 1245184K
  class space    used 21396K, committed 22336K, reserved 1048576K
}
Event: 5224.065 GC heap before
{Heap before GC invocations=83 (full 1):
 garbage-first heap   total 440320K, used 202551K [0x0000000080000000, 0x0000000100000000)
  region size 1024K, 24 young (24576K), 2 survivors (2048K)
 Metaspace       used 162749K, committed 164416K, reserved 1245184K
  class space    used 21399K, committed 22336K, reserved 1048576K
}
Event: 5224.069 GC heap after
{Heap after GC invocations=84 (full 1):
 garbage-first heap   total 440320K, used 182583K [0x0000000080000000, 0x0000000100000000)
  region size 1024K, 4 young (4096K), 4 survivors (4096K)
 Metaspace       used 162749K, committed 164416K, reserved 1245184K
  class space    used 21399K, committed 22336K, reserved 1048576K
}
Event: 5345.270 GC heap before
{Heap before GC invocations=85 (full 1):
 garbage-first heap   total 440320K, used 424247K [0x0000000080000000, 0x0000000100000000)
  region size 1024K, 61 young (62464K), 4 survivors (4096K)
 Metaspace       used 162903K, committed 164608K, reserved 1245184K
  class space    used 21421K, committed 22336K, reserved 1048576K
}
Event: 5345.291 GC heap after
{Heap after GC invocations=86 (full 1):
 garbage-first heap   total 440320K, used 177567K [0x0000000080000000, 0x0000000100000000)
  region size 1024K, 4 young (4096K), 4 survivors (4096K)
 Metaspace       used 162903K, committed 164608K, reserved 1245184K
  class space    used 21421K, committed 22336K, reserved 1048576K
}
Event: 5345.599 GC heap before
{Heap before GC invocations=86 (full 1):
 garbage-first heap   total 440320K, used 193951K [0x0000000080000000, 0x0000000100000000)
  region size 1024K, 21 young (21504K), 4 survivors (4096K)
 Metaspace       used 162921K, committed 164608K, reserved 1245184K
  class space    used 21421K, committed 22336K, reserved 1048576K
}
Event: 5345.612 GC heap after
{Heap after GC invocations=87 (full 1):
 garbage-first heap   total 440320K, used 173940K [0x0000000080000000, 0x0000000100000000)
  region size 1024K, 3 young (3072K), 3 survivors (3072K)
 Metaspace       used 162921K, committed 164608K, reserved 1245184K
  class space    used 21421K, committed 22336K, reserved 1048576K
}
Event: 6045.894 GC heap before
{Heap before GC invocations=87 (full 1):
 garbage-first heap   total 440320K, used 308084K [0x0000000080000000, 0x0000000100000000)
  region size 1024K, 135 young (138240K), 3 survivors (3072K)
 Metaspace       used 163105K, committed 164736K, reserved 1245184K
  class space    used 21440K, committed 22336K, reserved 1048576K
}

