# JRE version: OpenJDK Runtime Environment (17.0.9) (build 17.0.9+0--11185874)
# Java VM: OpenJDK 64-Bit Server VM (17.0.9+0--11185874, mixed mode, tiered, compressed oops, compressed class ptrs, g1 gc, windows-amd64)
GC Precious Log:
 CPUs: 4 total, 4 available
 Memory: 12165M
 Large Page Support: Disabled
 NUMA Support: Disabled
 Compressed Oops: Enabled (32-bit)
 Heap Region Size: 1M
 Heap Min Capacity: 8M
 Heap Initial Capacity: 192M
 Heap Max Capacity: 2G
 Pre-touch: Disabled
 Parallel Workers: 4
 Concurrent Workers: 1
 Concurrent Refinement Workers: 4
 Periodic GC: Disabled
Heap:
 garbage-first heap   total 159744K, used 98332K [0x0000000080000000, 0x0000000100000000)
  region size 1024K, 16 young (16384K), 6 survivors (6144K)
 Metaspace       used 90219K, committed 90944K, reserved 1179648K
  class space    used 12499K, committed 12864K, reserved 1048576K
GC Heap History (20 events):
Event: 16.733 GC heap before
{Heap before GC invocations=32 (full 0):
 garbage-first heap   total 133120K, used 92868K [0x0000000080000000, 0x0000000100000000)
  region size 1024K, 23 young (23552K), 3 survivors (3072K)
 Metaspace       used 67501K, committed 68096K, reserved 1114112K
  class space    used 9179K, committed 9472K, reserved 1048576K
}
Event: 16.738 GC heap after
{Heap after GC invocations=33 (full 0):
 garbage-first heap   total 133120K, used 69243K [0x0000000080000000, 0x0000000100000000)
  region size 1024K, 2 young (2048K), 2 survivors (2048K)
 Metaspace       used 67501K, committed 68096K, reserved 1114112K
  class space    used 9179K, committed 9472K, reserved 1048576K
}
Event: 16.850 GC heap before
{Heap before GC invocations=33 (full 0):
 garbage-first heap   total 133120K, used 73339K [0x0000000080000000, 0x0000000100000000)
  region size 1024K, 6 young (6144K), 2 survivors (2048K)
 Metaspace       used 67845K, committed 68480K, reserved 1114112K
  class space    used 9215K, committed 9536K, reserved 1048576K
}
Event: 16.855 GC heap after
{Heap after GC invocations=34 (full 0):
 garbage-first heap   total 133120K, used 69265K [0x0000000080000000, 0x0000000100000000)
  region size 1024K, 1 young (1024K), 1 survivors (1024K)
 Metaspace       used 67845K, committed 68480K, reserved 1114112K
  class space    used 9215K, committed 9536K, reserved 1048576K
}
Event: 17.504 GC heap before
{Heap before GC invocations=34 (full 0):
 garbage-first heap   total 133120K, used 101009K [0x0000000080000000, 0x0000000100000000)
  region size 1024K, 32 young (32768K), 1 survivors (1024K)
 Metaspace       used 70083K, committed 70720K, reserved 1114112K
  class space    used 9517K, committed 9792K, reserved 1048576K
}
Event: 17.507 GC heap after
{Heap after GC invocations=35 (full 0):
 garbage-first heap   total 133120K, used 70642K [0x0000000080000000, 0x0000000100000000)
  region size 1024K, 2 young (2048K), 2 survivors (2048K)
 Metaspace       used 70083K, committed 70720K, reserved 1114112K
  class space    used 9517K, committed 9792K, reserved 1048576K
}
Event: 18.241 GC heap before
{Heap before GC invocations=35 (full 0):
 garbage-first heap   total 133120K, used 107506K [0x0000000080000000, 0x0000000100000000)
  region size 1024K, 34 young (34816K), 2 survivors (2048K)
 Metaspace       used 73232K, committed 73856K, reserved 1114112K
  class space    used 9939K, committed 10240K, reserved 1048576K
}
Event: 18.246 GC heap after
{Heap after GC invocations=36 (full 0):
 garbage-first heap   total 133120K, used 77469K [0x0000000080000000, 0x0000000100000000)
  region size 1024K, 5 young (5120K), 5 survivors (5120K)
 Metaspace       used 73232K, committed 73856K, reserved 1114112K
  class space    used 9939K, committed 10240K, reserved 1048576K
}
Event: 18.627 GC heap before
{Heap before GC invocations=36 (full 0):
 garbage-first heap   total 133120K, used 106141K [0x0000000080000000, 0x0000000100000000)
  region size 1024K, 33 young (33792K), 5 survivors (5120K)
 Metaspace       used 76310K, committed 76928K, reserved 1179648K
  class space    used 10378K, committed 10688K, reserved 1048576K
}
Event: 18.633 GC heap after
{Heap after GC invocations=37 (full 0):
 garbage-first heap   total 133120K, used 78418K [0x0000000080000000, 0x0000000100000000)
  region size 1024K, 2 young (2048K), 2 survivors (2048K)
 Metaspace       used 76310K, committed 76928K, reserved 1179648K
  class space    used 10378K, committed 10688K, reserved 1048576K
}
Event: 19.457 GC heap before
{Heap before GC invocations=37 (full 0):
 garbage-first heap   total 133120K, used 108114K [0x0000000080000000, 0x0000000100000000)
  region size 1024K, 31 young (31744K), 2 survivors (2048K)
 Metaspace       used 78760K, committed 79424K, reserved 1179648K
  class space    used 10706K, committed 11008K, reserved 1048576K
}
Event: 19.462 GC heap after
{Heap after GC invocations=38 (full 0):
 garbage-first heap   total 159744K, used 79830K [0x0000000080000000, 0x0000000100000000)
  region size 1024K, 3 young (3072K), 3 survivors (3072K)
 Metaspace       used 78760K, committed 79424K, reserved 1179648K
  class space    used 10706K, committed 11008K, reserved 1048576K
}
Event: 20.420 GC heap before
{Heap before GC invocations=38 (full 0):
 garbage-first heap   total 159744K, used 127958K [0x0000000080000000, 0x0000000100000000)
  region size 1024K, 50 young (51200K), 3 survivors (3072K)
 Metaspace       used 79927K, committed 80576K, reserved 1179648K
  class space    used 10853K, committed 11200K, reserved 1048576K
}
Event: 20.428 GC heap after
{Heap after GC invocations=39 (full 0):
 garbage-first heap   total 159744K, used 84030K [0x0000000080000000, 0x0000000100000000)
  region size 1024K, 7 young (7168K), 7 survivors (7168K)
 Metaspace       used 79927K, committed 80576K, reserved 1179648K
  class space    used 10853K, committed 11200K, reserved 1048576K
}
Event: 21.280 GC heap before
{Heap before GC invocations=39 (full 0):
 garbage-first heap   total 159744K, used 129086K [0x0000000080000000, 0x0000000100000000)
  region size 1024K, 51 young (52224K), 7 survivors (7168K)
 Metaspace       used 82958K, committed 83584K, reserved 1179648K
  class space    used 11267K, committed 11584K, reserved 1048576K
}
Event: 21.292 GC heap after
{Heap after GC invocations=40 (full 0):
 garbage-first heap   total 159744K, used 85745K [0x0000000080000000, 0x0000000100000000)
  region size 1024K, 2 young (2048K), 2 survivors (2048K)
 Metaspace       used 82958K, committed 83584K, reserved 1179648K
  class space    used 11267K, committed 11584K, reserved 1048576K
}
Event: 21.994 GC heap before
{Heap before GC invocations=40 (full 0):
 garbage-first heap   total 159744K, used 130801K [0x0000000080000000, 0x0000000100000000)
  region size 1024K, 46 young (47104K), 2 survivors (2048K)
 Metaspace       used 86265K, committed 86848K, reserved 1179648K
  class space    used 11930K, committed 12224K, reserved 1048576K
}
Event: 22.000 GC heap after
{Heap after GC invocations=41 (full 0):
 garbage-first heap   total 159744K, used 87184K [0x0000000080000000, 0x0000000100000000)
  region size 1024K, 4 young (4096K), 4 survivors (4096K)
 Metaspace       used 86265K, committed 86848K, reserved 1179648K
  class space    used 11930K, committed 12224K, reserved 1048576K
}
Event: 23.633 GC heap before
{Heap before GC invocations=41 (full 0):
 garbage-first heap   total 159744K, used 131216K [0x0000000080000000, 0x0000000100000000)
  region size 1024K, 47 young (48128K), 4 survivors (4096K)
 Metaspace       used 89242K, committed 89984K, reserved 1179648K
  class space    used 12363K, committed 12736K, reserved 1048576K
}
Event: 23.640 GC heap after
{Heap after GC invocations=42 (full 0):
 garbage-first heap   total 159744K, used 89116K [0x0000000080000000, 0x0000000100000000)
  region size 1024K, 6 young (6144K), 6 survivors (6144K)
 Metaspace       used 89242K, committed 89984K, reserved 1179648K
  class space    used 12363K, committed 12736K, reserved 1048576K
}

